---------------------------------------------------------------------------------
Import Task list and their taken time on 12/6/2018 11:36:36 AM
---------------------------------------------------------------------------------

Total time taken 00:00:00

Exp. Time	Act. Time	Task (6)
00:00:05		B-Y: REG_PRI
00:00:05		B-Y Transformation...
00:00:01		Transfer Data: [B-Y]
00:00:00		VEDA To TIMES I...
00:00:05		Updating SysSettings...
00:00:02		VEDA To TIMES II...




---------------------------------------------------------------------------------
Import Task list and their taken time on 12/6/2018 11:37:04 AM
---------------------------------------------------------------------------------

Total time taken 00:00:22

Exp. Time	Act. Time	Task (6)
00:00:05	00:00:06	B-Y: REG_PRI
00:00:05	00:00:07	B-Y Transformation...
00:00:01	00:00:01	Transfer Data: [B-Y]
00:00:00	00:00:00	VEDA To TIMES I...
00:00:05	00:00:05	Updating SysSettings...
00:00:02	00:00:03	VEDA To TIMES II...




---------------------------------------------------------------------------------
Import Task list and their taken time on 9/2/2019 11:26:40 AM
---------------------------------------------------------------------------------

Total time taken 00:00:00

Exp. Time	Act. Time	Task (6)
00:00:06		B-Y: REG_PRI
00:00:07		B-Y Transformation...
00:00:01		Transfer Data: [B-Y]
00:00:00		VEDA To TIMES I...
00:00:05		Updating SysSettings...
00:00:03		VEDA To TIMES II...




---------------------------------------------------------------------------------
Import Task list and their taken time on 9/2/2019 11:27:35 AM
---------------------------------------------------------------------------------

Total time taken 00:00:46

Exp. Time	Act. Time	Task (6)
00:00:06	00:00:11	B-Y: REG_PRI
00:00:07	00:00:11	B-Y Transformation...
00:00:01	00:00:03	Transfer Data: [B-Y]
00:00:00	00:00:01	VEDA To TIMES I...
00:00:05	00:00:13	Updating SysSettings...
00:00:03	00:00:07	VEDA To TIMES II...




---------------------------------------------------------------------------------
Import Task list and their taken time on 02-Aug-22 12:51:59 PM
---------------------------------------------------------------------------------

Total time taken 00:00:00

Exp. Time	Act. Time	Task (6)
00:00:11		B-Y: REG_PRI
00:00:11		B-Y Transformation...
00:00:03		Transfer Data: [B-Y]
00:00:01		VEDA To TIMES I...
00:00:13		Updating SysSettings...
00:00:07		VEDA To TIMES II...




---------------------------------------------------------------------------------
Import Task list and their taken time on 02-Aug-22 12:53:02 PM
---------------------------------------------------------------------------------

Total time taken 00:00:58

Exp. Time	Act. Time	Task (6)
00:00:11	00:00:28	B-Y: REG_PRI
00:00:11	00:00:09	B-Y Transformation...
00:00:03	00:00:03	Transfer Data: [B-Y]
00:00:01	00:00:00	VEDA To TIMES I...
00:00:13	00:00:13	Updating SysSettings...
00:00:07	00:00:05	VEDA To TIMES II...




---------------------------------------------------------------------------------
Import Task list and their taken time on 02-Aug-22 12:56:16 PM
---------------------------------------------------------------------------------

Total time taken 00:00:00

Exp. Time	Act. Time	Task (6)
00:00:28		B-Y: REG_PRI
00:00:09		B-Y Transformation...
00:00:03		Transfer Data: [B-Y]
00:00:00		VEDA To TIMES I...
00:00:13		Updating SysSettings...
00:00:05		VEDA To TIMES II...




---------------------------------------------------------------------------------
Import Task list and their taken time on 02-Aug-22 12:56:27 PM
---------------------------------------------------------------------------------

Total time taken 00:00:00

Exp. Time	Act. Time	Task (0)




---------------------------------------------------------------------------------
Import Task list and their taken time on 02-Aug-22 12:56:59 PM
---------------------------------------------------------------------------------

Total time taken 00:00:00

Exp. Time	Act. Time	Task (6)
00:00:03		B-Y: REG_PRI
00:00:09		B-Y Transformation...
00:00:03		Transfer Data: [B-Y]
00:00:00		VEDA To TIMES I...
00:00:13		Updating SysSettings...
00:00:05		VEDA To TIMES II...




---------------------------------------------------------------------------------
Import Task list and their taken time on 02-Aug-22 12:58:05 PM
---------------------------------------------------------------------------------

Total time taken 00:00:59

Exp. Time	Act. Time	Task (6)
00:00:03	00:00:30	B-Y: REG_PRI
00:00:09	00:00:09	B-Y Transformation...
00:00:03	00:00:02	Transfer Data: [B-Y]
00:00:00	00:00:00	VEDA To TIMES I...
00:00:13	00:00:14	Updating SysSettings...
00:00:05	00:00:04	VEDA To TIMES II...




---------------------------------------------------------------------------------
Import Task list and their taken time on 02-Aug-22 12:59:40 PM
---------------------------------------------------------------------------------

Total time taken 00:00:00

Exp. Time	Act. Time	Task (6)
00:00:30		B-Y: REG_PRI
00:00:09		B-Y Transformation...
00:00:02		Transfer Data: [B-Y]
00:00:00		VEDA To TIMES I...
00:00:14		Updating SysSettings...
00:00:04		VEDA To TIMES II...




---------------------------------------------------------------------------------
Import Task list and their taken time on 02-Aug-22 1:00:43 PM
---------------------------------------------------------------------------------

Total time taken 00:00:58

Exp. Time	Act. Time	Task (6)
00:00:30	00:00:28	B-Y: REG_PRI
00:00:09	00:00:09	B-Y Transformation...
00:00:02	00:00:03	Transfer Data: [B-Y]
00:00:00	00:00:00	VEDA To TIMES I...
00:00:14	00:00:13	Updating SysSettings...
00:00:04	00:00:05	VEDA To TIMES II...




---------------------------------------------------------------------------------
Import Task list and their taken time on 02-Aug-22 1:02:10 PM
---------------------------------------------------------------------------------

Total time taken 00:00:00

Exp. Time	Act. Time	Task (3)
00:00:00		VEDA To TIMES I...
00:00:13		Updating SysSettings...
00:00:05		VEDA To TIMES II...




---------------------------------------------------------------------------------
Import Task list and their taken time on 02-Aug-22 1:02:50 PM
---------------------------------------------------------------------------------

Total time taken 00:00:18

Exp. Time	Act. Time	Task (3)
00:00:00	00:00:00	VEDA To TIMES I...
00:00:13	00:00:13	Updating SysSettings...
00:00:05	00:00:05	VEDA To TIMES II...




---------------------------------------------------------------------------------
Import Task list and their taken time on 02-Aug-22 1:04:31 PM
---------------------------------------------------------------------------------

Total time taken 00:00:00

Exp. Time	Act. Time	Task (6)
00:00:28		B-Y: REG_PRI
00:00:09		B-Y Transformation...
00:00:03		Transfer Data: [B-Y]
00:00:00		VEDA To TIMES I...
00:00:13		Updating SysSettings...
00:00:05		VEDA To TIMES II...




---------------------------------------------------------------------------------
Import Task list and their taken time on 02-Aug-22 1:05:52 PM
---------------------------------------------------------------------------------

Total time taken 00:00:57

Exp. Time	Act. Time	Task (6)
00:00:28	00:00:28	B-Y: REG_PRI
00:00:09	00:00:09	B-Y Transformation...
00:00:03	00:00:02	Transfer Data: [B-Y]
00:00:00	00:00:00	VEDA To TIMES I...
00:00:13	00:00:13	Updating SysSettings...
00:00:05	00:00:05	VEDA To TIMES II...




---------------------------------------------------------------------------------
Import Task list and their taken time on 02-Aug-22 1:22:58 PM
---------------------------------------------------------------------------------

Total time taken 00:00:00

Exp. Time	Act. Time	Task (6)
00:00:28		B-Y: REG_PRI
00:00:09		B-Y Transformation...
00:00:02		Transfer Data: [B-Y]
00:00:00		VEDA To TIMES I...
00:00:13		Updating SysSettings...
00:00:05		VEDA To TIMES II...




---------------------------------------------------------------------------------
Import Task list and their taken time on 02-Aug-22 1:24:04 PM
---------------------------------------------------------------------------------

Total time taken 00:01:01

Exp. Time	Act. Time	Task (6)
00:00:28	00:00:31	B-Y: REG_PRI
00:00:09	00:00:08	B-Y Transformation...
00:00:02	00:00:03	Transfer Data: [B-Y]
00:00:00	00:00:00	VEDA To TIMES I...
00:00:13	00:00:14	Updating SysSettings...
00:00:05	00:00:05	VEDA To TIMES II...




---------------------------------------------------------------------------------
Import Task list and their taken time on 02-Aug-22 1:48:48 PM
---------------------------------------------------------------------------------

Total time taken 00:00:00

Exp. Time	Act. Time	Task (6)
00:00:31		B-Y: REG_PRI
00:00:08		B-Y Transformation...
00:00:03		Transfer Data: [B-Y]
00:00:00		VEDA To TIMES I...
00:00:14		Updating SysSettings...
00:00:05		VEDA To TIMES II...




---------------------------------------------------------------------------------
Import Task list and their taken time on 02-Aug-22 1:49:54 PM
---------------------------------------------------------------------------------

Total time taken 00:01:01

Exp. Time	Act. Time	Task (6)
00:00:31	00:00:31	B-Y: REG_PRI
00:00:08	00:00:09	B-Y Transformation...
00:00:03	00:00:03	Transfer Data: [B-Y]
00:00:00	00:00:00	VEDA To TIMES I...
00:00:14	00:00:13	Updating SysSettings...
00:00:05	00:00:05	VEDA To TIMES II...




---------------------------------------------------------------------------------
Import Task list and their taken time on 02-Aug-22 1:59:38 PM
---------------------------------------------------------------------------------

Total time taken 00:00:00

Exp. Time	Act. Time	Task (6)
00:00:31		B-Y: REG_PRI
00:00:09		B-Y Transformation...
00:00:03		Transfer Data: [B-Y]
00:00:00		VEDA To TIMES I...
00:00:13		Updating SysSettings...
00:00:05		VEDA To TIMES II...




---------------------------------------------------------------------------------
Import Task list and their taken time on 02-Aug-22 2:00:39 PM
---------------------------------------------------------------------------------

Total time taken 00:00:56

Exp. Time	Act. Time	Task (6)
00:00:31	00:00:28	B-Y: REG_PRI
00:00:09	00:00:09	B-Y Transformation...
00:00:03	00:00:03	Transfer Data: [B-Y]
00:00:00	00:00:00	VEDA To TIMES I...
00:00:13	00:00:11	Updating SysSettings...
00:00:05	00:00:05	VEDA To TIMES II...




---------------------------------------------------------------------------------
Import Task list and their taken time on 02-Aug-22 2:16:09 PM
---------------------------------------------------------------------------------

Total time taken 00:00:00

Exp. Time	Act. Time	Task (6)
00:00:28		B-Y: REG_PRI
00:00:09		B-Y Transformation...
00:00:03		Transfer Data: [B-Y]
00:00:00		VEDA To TIMES I...
00:00:11		Updating SysSettings...
00:00:05		VEDA To TIMES II...




---------------------------------------------------------------------------------
Import Task list and their taken time on 02-Aug-22 2:17:08 PM
---------------------------------------------------------------------------------

Total time taken 00:00:54

Exp. Time	Act. Time	Task (6)
00:00:28	00:00:27	B-Y: REG_PRI
00:00:09	00:00:08	B-Y Transformation...
00:00:03	00:00:03	Transfer Data: [B-Y]
00:00:00	00:00:00	VEDA To TIMES I...
00:00:11	00:00:11	Updating SysSettings...
00:00:05	00:00:05	VEDA To TIMES II...




---------------------------------------------------------------------------------
Import Task list and their taken time on 02-Aug-22 2:22:05 PM
---------------------------------------------------------------------------------

Total time taken 00:00:00

Exp. Time	Act. Time	Task (6)
00:00:27		B-Y: REG_PRI
00:00:08		B-Y Transformation...
00:00:03		Transfer Data: [B-Y]
00:00:00		VEDA To TIMES I...
00:00:11		Updating SysSettings...
00:00:05		VEDA To TIMES II...




---------------------------------------------------------------------------------
Import Task list and their taken time on 02-Aug-22 2:23:06 PM
---------------------------------------------------------------------------------

Total time taken 00:00:55

Exp. Time	Act. Time	Task (6)
00:00:27	00:00:28	B-Y: REG_PRI
00:00:08	00:00:09	B-Y Transformation...
00:00:03	00:00:02	Transfer Data: [B-Y]
00:00:00	00:00:00	VEDA To TIMES I...
00:00:11	00:00:12	Updating SysSettings...
00:00:05	00:00:04	VEDA To TIMES II...




---------------------------------------------------------------------------------
Import Task list and their taken time on 02-Aug-22 2:28:04 PM
---------------------------------------------------------------------------------

Total time taken 00:00:00

Exp. Time	Act. Time	Task (6)
00:00:28		B-Y: REG_PRI
00:00:09		B-Y Transformation...
00:00:02		Transfer Data: [B-Y]
00:00:00		VEDA To TIMES I...
00:00:12		Updating SysSettings...
00:00:04		VEDA To TIMES II...




---------------------------------------------------------------------------------
Import Task list and their taken time on 02-Aug-22 2:29:03 PM
---------------------------------------------------------------------------------

Total time taken 00:00:53

Exp. Time	Act. Time	Task (6)
00:00:28	00:00:27	B-Y: REG_PRI
00:00:09	00:00:08	B-Y Transformation...
00:00:02	00:00:02	Transfer Data: [B-Y]
00:00:00	00:00:00	VEDA To TIMES I...
00:00:12	00:00:12	Updating SysSettings...
00:00:04	00:00:04	VEDA To TIMES II...




---------------------------------------------------------------------------------
Import Task list and their taken time on 02-Aug-22 2:34:27 PM
---------------------------------------------------------------------------------

Total time taken 00:00:00

Exp. Time	Act. Time	Task (6)
00:00:27		B-Y: REG_PRI
00:00:08		B-Y Transformation...
00:00:02		Transfer Data: [B-Y]
00:00:00		VEDA To TIMES I...
00:00:12		Updating SysSettings...
00:00:04		VEDA To TIMES II...




---------------------------------------------------------------------------------
Import Task list and their taken time on 02-Aug-22 2:35:26 PM
---------------------------------------------------------------------------------

Total time taken 00:00:52

Exp. Time	Act. Time	Task (6)
00:00:27	00:00:26	B-Y: REG_PRI
00:00:08	00:00:08	B-Y Transformation...
00:00:02	00:00:02	Transfer Data: [B-Y]
00:00:00	00:00:00	VEDA To TIMES I...
00:00:12	00:00:12	Updating SysSettings...
00:00:04	00:00:04	VEDA To TIMES II...




---------------------------------------------------------------------------------
Import Task list and their taken time on 02-Aug-22 2:43:47 PM
---------------------------------------------------------------------------------

Total time taken 00:00:00

Exp. Time	Act. Time	Task (6)
00:00:26		B-Y: REG_PRI
00:00:08		B-Y Transformation...
00:00:02		Transfer Data: [B-Y]
00:00:00		VEDA To TIMES I...
00:00:12		Updating SysSettings...
00:00:04		VEDA To TIMES II...




---------------------------------------------------------------------------------
Import Task list and their taken time on 02-Aug-22 2:44:47 PM
---------------------------------------------------------------------------------

Total time taken 00:00:55

Exp. Time	Act. Time	Task (6)
00:00:26	00:00:27	B-Y: REG_PRI
00:00:08	00:00:08	B-Y Transformation...
00:00:02	00:00:03	Transfer Data: [B-Y]
00:00:00	00:00:00	VEDA To TIMES I...
00:00:12	00:00:13	Updating SysSettings...
00:00:04	00:00:04	VEDA To TIMES II...




---------------------------------------------------------------------------------
Import Task list and their taken time on 02-Aug-22 3:17:39 PM
---------------------------------------------------------------------------------

Total time taken 00:00:00

Exp. Time	Act. Time	Task (6)
00:00:27		B-Y: REG_PRI
00:00:08		B-Y Transformation...
00:00:03		Transfer Data: [B-Y]
00:00:00		VEDA To TIMES I...
00:00:13		Updating SysSettings...
00:00:04		VEDA To TIMES II...




---------------------------------------------------------------------------------
Import Task list and their taken time on 02-Aug-22 3:18:40 PM
---------------------------------------------------------------------------------

Total time taken 00:00:54

Exp. Time	Act. Time	Task (6)
00:00:27	00:00:26	B-Y: REG_PRI
00:00:08	00:00:08	B-Y Transformation...
00:00:03	00:00:02	Transfer Data: [B-Y]
00:00:00	00:00:00	VEDA To TIMES I...
00:00:13	00:00:13	Updating SysSettings...
00:00:04	00:00:05	VEDA To TIMES II...




---------------------------------------------------------------------------------
Import Task list and their taken time on 20-Jul-22 4:25:07 PM
---------------------------------------------------------------------------------

Total time taken 00:00:00

Exp. Time	Act. Time	Task (6)
00:00:26		B-Y: REG_PRI
00:00:08		B-Y Transformation...
00:00:02		Transfer Data: [B-Y]
00:00:00		VEDA To TIMES I...
00:00:13		Updating SysSettings...
00:00:05		VEDA To TIMES II...




---------------------------------------------------------------------------------
Import Task list and their taken time on 20-Jul-22 4:26:09 PM
---------------------------------------------------------------------------------

Total time taken 00:00:57

Exp. Time	Act. Time	Task (6)
00:00:26	00:00:28	B-Y: REG_PRI
00:00:08	00:00:09	B-Y Transformation...
00:00:02	00:00:03	Transfer Data: [B-Y]
00:00:00	00:00:00	VEDA To TIMES I...
00:00:13	00:00:12	Updating SysSettings...
00:00:05	00:00:05	VEDA To TIMES II...




---------------------------------------------------------------------------------
Import Task list and their taken time on 14-Aug-22 1:39:09 PM
---------------------------------------------------------------------------------

Total time taken 00:00:00

Exp. Time	Act. Time	Task (6)
00:00:28		B-Y: REG_PRI
00:00:09		B-Y Transformation...
00:00:03		Transfer Data: [B-Y]
00:00:00		VEDA To TIMES I...
00:00:12		Updating SysSettings...
00:00:05		VEDA To TIMES II...




---------------------------------------------------------------------------------
Import Task list and their taken time on 14-Aug-22 1:40:12 PM
---------------------------------------------------------------------------------

Total time taken 00:00:57

Exp. Time	Act. Time	Task (6)
00:00:28	00:00:28	B-Y: REG_PRI
00:00:09	00:00:09	B-Y Transformation...
00:00:03	00:00:03	Transfer Data: [B-Y]
00:00:00	00:00:00	VEDA To TIMES I...
00:00:12	00:00:12	Updating SysSettings...
00:00:05	00:00:05	VEDA To TIMES II...




---------------------------------------------------------------------------------
Import Task list and their taken time on 14-Aug-22 1:41:57 PM
---------------------------------------------------------------------------------

Total time taken 00:00:00

Exp. Time	Act. Time	Task (6)
00:00:28		B-Y: REG_PRI
00:00:09		B-Y Transformation...
00:00:03		Transfer Data: [B-Y]
00:00:00		VEDA To TIMES I...
00:00:12		Updating SysSettings...
00:00:05		VEDA To TIMES II...




---------------------------------------------------------------------------------
Import Task list and their taken time on 14-Aug-22 1:42:58 PM
---------------------------------------------------------------------------------

Total time taken 00:00:55

Exp. Time	Act. Time	Task (6)
00:00:28	00:00:27	B-Y: REG_PRI
00:00:09	00:00:09	B-Y Transformation...
00:00:03	00:00:02	Transfer Data: [B-Y]
00:00:00	00:00:00	VEDA To TIMES I...
00:00:12	00:00:12	Updating SysSettings...
00:00:05	00:00:05	VEDA To TIMES II...




---------------------------------------------------------------------------------
Import Task list and their taken time on 14-Aug-22 1:47:11 PM
---------------------------------------------------------------------------------

Total time taken 00:00:00

Exp. Time	Act. Time	Task (6)
00:00:27		B-Y: REG_PRI
00:00:09		B-Y Transformation...
00:00:02		Transfer Data: [B-Y]
00:00:00		VEDA To TIMES I...
00:00:12		Updating SysSettings...
00:00:05		VEDA To TIMES II...




---------------------------------------------------------------------------------
Import Task list and their taken time on 14-Aug-22 1:48:13 PM
---------------------------------------------------------------------------------

Total time taken 00:00:58

Exp. Time	Act. Time	Task (6)
00:00:27	00:00:28	B-Y: REG_PRI
00:00:09	00:00:09	B-Y Transformation...
00:00:02	00:00:03	Transfer Data: [B-Y]
00:00:00	00:00:01	VEDA To TIMES I...
00:00:12	00:00:12	Updating SysSettings...
00:00:05	00:00:05	VEDA To TIMES II...




---------------------------------------------------------------------------------
Import Task list and their taken time on 14-Aug-22 1:49:39 PM
---------------------------------------------------------------------------------

Total time taken 00:00:00

Exp. Time	Act. Time	Task (6)
00:00:28		B-Y: REG_PRI
00:00:09		B-Y Transformation...
00:00:03		Transfer Data: [B-Y]
00:00:01		VEDA To TIMES I...
00:00:12		Updating SysSettings...
00:00:05		VEDA To TIMES II...




---------------------------------------------------------------------------------
Import Task list and their taken time on 14-Aug-22 1:50:40 PM
---------------------------------------------------------------------------------

Total time taken 00:00:55

Exp. Time	Act. Time	Task (6)
00:00:28	00:00:27	B-Y: REG_PRI
00:00:09	00:00:09	B-Y Transformation...
00:00:03	00:00:02	Transfer Data: [B-Y]
00:00:01	00:00:00	VEDA To TIMES I...
00:00:12	00:00:12	Updating SysSettings...
00:00:05	00:00:05	VEDA To TIMES II...




---------------------------------------------------------------------------------
Import Task list and their taken time on 14-Aug-22 1:54:20 PM
---------------------------------------------------------------------------------

Total time taken 00:00:00

Exp. Time	Act. Time	Task (6)
00:00:27		B-Y: REG_PRI
00:00:09		B-Y Transformation...
00:00:02		Transfer Data: [B-Y]
00:00:00		VEDA To TIMES I...
00:00:12		Updating SysSettings...
00:00:05		VEDA To TIMES II...




---------------------------------------------------------------------------------
Import Task list and their taken time on 14-Aug-22 1:55:21 PM
---------------------------------------------------------------------------------

Total time taken 00:00:55

Exp. Time	Act. Time	Task (6)
00:00:27	00:00:27	B-Y: REG_PRI
00:00:09	00:00:09	B-Y Transformation...
00:00:02	00:00:02	Transfer Data: [B-Y]
00:00:00	00:00:00	VEDA To TIMES I...
00:00:12	00:00:12	Updating SysSettings...
00:00:05	00:00:05	VEDA To TIMES II...




---------------------------------------------------------------------------------
Import Task list and their taken time on 14-Aug-22 1:57:36 PM
---------------------------------------------------------------------------------

Total time taken 00:00:00

Exp. Time	Act. Time	Task (6)
00:00:27		B-Y: REG_PRI
00:00:09		B-Y Transformation...
00:00:02		Transfer Data: [B-Y]
00:00:00		VEDA To TIMES I...
00:00:12		Updating SysSettings...
00:00:05		VEDA To TIMES II...




---------------------------------------------------------------------------------
Import Task list and their taken time on 14-Aug-22 1:58:54 PM
---------------------------------------------------------------------------------

Total time taken 00:00:54

Exp. Time	Act. Time	Task (6)
00:00:27	00:00:27	B-Y: REG_PRI
00:00:09	00:00:09	B-Y Transformation...
00:00:02	00:00:02	Transfer Data: [B-Y]
00:00:00	00:00:00	VEDA To TIMES I...
00:00:12	00:00:12	Updating SysSettings...
00:00:05	00:00:04	VEDA To TIMES II...




---------------------------------------------------------------------------------
Import Task list and their taken time on 14-Aug-22 2:02:06 PM
---------------------------------------------------------------------------------

Total time taken 00:00:00

Exp. Time	Act. Time	Task (6)
00:00:27		B-Y: REG_PRI
00:00:09		B-Y Transformation...
00:00:02		Transfer Data: [B-Y]
00:00:00		VEDA To TIMES I...
00:00:12		Updating SysSettings...
00:00:04		VEDA To TIMES II...




---------------------------------------------------------------------------------
Import Task list and their taken time on 14-Aug-22 2:03:06 PM
---------------------------------------------------------------------------------

Total time taken 00:00:55

Exp. Time	Act. Time	Task (6)
00:00:27	00:00:27	B-Y: REG_PRI
00:00:09	00:00:09	B-Y Transformation...
00:00:02	00:00:03	Transfer Data: [B-Y]
00:00:00	00:00:00	VEDA To TIMES I...
00:00:12	00:00:12	Updating SysSettings...
00:00:04	00:00:04	VEDA To TIMES II...




---------------------------------------------------------------------------------
Import Task list and their taken time on 14-Aug-22 2:04:39 PM
---------------------------------------------------------------------------------

Total time taken 00:00:00

Exp. Time	Act. Time	Task (6)
00:00:27		B-Y: REG_PRI
00:00:09		B-Y Transformation...
00:00:03		Transfer Data: [B-Y]
00:00:00		VEDA To TIMES I...
00:00:12		Updating SysSettings...
00:00:04		VEDA To TIMES II...




---------------------------------------------------------------------------------
Import Task list and their taken time on 14-Aug-22 2:05:58 PM
---------------------------------------------------------------------------------

Total time taken 00:00:56

Exp. Time	Act. Time	Task (6)
00:00:27	00:00:27	B-Y: REG_PRI
00:00:09	00:00:09	B-Y Transformation...
00:00:03	00:00:02	Transfer Data: [B-Y]
00:00:00	00:00:00	VEDA To TIMES I...
00:00:12	00:00:13	Updating SysSettings...
00:00:04	00:00:05	VEDA To TIMES II...




---------------------------------------------------------------------------------
Import Task list and their taken time on 14-Aug-22 2:10:27 PM
---------------------------------------------------------------------------------

Total time taken 00:00:00

Exp. Time	Act. Time	Task (6)
00:00:27		B-Y: REG_PRI
00:00:09		B-Y Transformation...
00:00:02		Transfer Data: [B-Y]
00:00:00		VEDA To TIMES I...
00:00:13		Updating SysSettings...
00:00:05		VEDA To TIMES II...




---------------------------------------------------------------------------------
Import Task list and their taken time on 14-Aug-22 2:11:29 PM
---------------------------------------------------------------------------------

Total time taken 00:00:57

Exp. Time	Act. Time	Task (6)
00:00:27	00:00:28	B-Y: REG_PRI
00:00:09	00:00:09	B-Y Transformation...
00:00:02	00:00:02	Transfer Data: [B-Y]
00:00:00	00:00:00	VEDA To TIMES I...
00:00:13	00:00:13	Updating SysSettings...
00:00:05	00:00:05	VEDA To TIMES II...




---------------------------------------------------------------------------------
Import Task list and their taken time on 14-Aug-22 2:12:53 PM
---------------------------------------------------------------------------------

Total time taken 00:00:00

Exp. Time	Act. Time	Task (6)
00:00:28		B-Y: REG_PRI
00:00:09		B-Y Transformation...
00:00:02		Transfer Data: [B-Y]
00:00:00		VEDA To TIMES I...
00:00:13		Updating SysSettings...
00:00:05		VEDA To TIMES II...




---------------------------------------------------------------------------------
Import Task list and their taken time on 14-Aug-22 2:13:55 PM
---------------------------------------------------------------------------------

Total time taken 00:00:57

Exp. Time	Act. Time	Task (6)
00:00:28	00:00:28	B-Y: REG_PRI
00:00:09	00:00:09	B-Y Transformation...
00:00:02	00:00:03	Transfer Data: [B-Y]
00:00:00	00:00:00	VEDA To TIMES I...
00:00:13	00:00:13	Updating SysSettings...
00:00:05	00:00:04	VEDA To TIMES II...




---------------------------------------------------------------------------------
Import Task list and their taken time on 14-Aug-22 2:15:42 PM
---------------------------------------------------------------------------------

Total time taken 00:00:00

Exp. Time	Act. Time	Task (6)
00:00:28		B-Y: REG_PRI
00:00:09		B-Y Transformation...
00:00:03		Transfer Data: [B-Y]
00:00:00		VEDA To TIMES I...
00:00:13		Updating SysSettings...
00:00:04		VEDA To TIMES II...




---------------------------------------------------------------------------------
Import Task list and their taken time on 14-Aug-22 2:16:45 PM
---------------------------------------------------------------------------------

Total time taken 00:00:59

Exp. Time	Act. Time	Task (6)
00:00:28	00:00:28	B-Y: REG_PRI
00:00:09	00:00:09	B-Y Transformation...
00:00:03	00:00:03	Transfer Data: [B-Y]
00:00:00	00:00:00	VEDA To TIMES I...
00:00:13	00:00:14	Updating SysSettings...
00:00:04	00:00:05	VEDA To TIMES II...




---------------------------------------------------------------------------------
Import Task list and their taken time on 01-Jul-22 9:43:55 PM
---------------------------------------------------------------------------------

Total time taken 00:00:00

Exp. Time	Act. Time	Task (6)
00:00:28		B-Y: REG_PRI
00:00:09		B-Y Transformation...
00:00:03		Transfer Data: [B-Y]
00:00:00		VEDA To TIMES I...
00:00:14		Updating SysSettings...
00:00:05		VEDA To TIMES II...




---------------------------------------------------------------------------------
Import Task list and their taken time on 01-Jul-22 9:45:01 PM
---------------------------------------------------------------------------------

Total time taken 00:01:00

Exp. Time	Act. Time	Task (6)
00:00:28	00:00:28	B-Y: REG_PRI
00:00:09	00:00:10	B-Y Transformation...
00:00:03	00:00:03	Transfer Data: [B-Y]
00:00:00	00:00:01	VEDA To TIMES I...
00:00:14	00:00:13	Updating SysSettings...
00:00:05	00:00:05	VEDA To TIMES II...




---------------------------------------------------------------------------------
Import Task list and their taken time on 01-Jul-22 9:48:24 PM
---------------------------------------------------------------------------------

Total time taken 00:00:00

Exp. Time	Act. Time	Task (3)
00:00:01		VEDA To TIMES I...
00:00:13		Updating SysSettings...
00:00:05		VEDA To TIMES II...




---------------------------------------------------------------------------------
Import Task list and their taken time on 01-Jul-22 9:48:59 PM
---------------------------------------------------------------------------------

Total time taken 00:00:18

Exp. Time	Act. Time	Task (3)
00:00:01	00:00:00	VEDA To TIMES I...
00:00:13	00:00:13	Updating SysSettings...
00:00:05	00:00:05	VEDA To TIMES II...




---------------------------------------------------------------------------------
Import Task list and their taken time on 21-Nov-22 1:47:19 AM
---------------------------------------------------------------------------------

Total time taken 00:00:00

Exp. Time	Act. Time	Task (6)
00:00:28		B-Y: REG_PRI
00:00:10		B-Y Transformation...
00:00:03		Transfer Data: [B-Y]
00:00:00		VEDA To TIMES I...
00:00:13		Updating SysSettings...
00:00:05		VEDA To TIMES II...




---------------------------------------------------------------------------------
Import Task list and their taken time on 21-Nov-22 1:48:10 AM
---------------------------------------------------------------------------------

Total time taken 00:00:46

Exp. Time	Act. Time	Task (6)
00:00:28	00:00:21	B-Y: REG_PRI
00:00:10	00:00:09	B-Y Transformation...
00:00:03	00:00:02	Transfer Data: [B-Y]
00:00:00	00:00:00	VEDA To TIMES I...
00:00:13	00:00:10	Updating SysSettings...
00:00:05	00:00:04	VEDA To TIMES II...




---------------------------------------------------------------------------------
Import Task list and their taken time on 21-Nov-22 2:05:36 AM
---------------------------------------------------------------------------------

Total time taken 00:00:00

Exp. Time	Act. Time	Task (6)
00:00:21		B-Y: REG_PRI
00:00:09		B-Y Transformation...
00:00:02		Transfer Data: [B-Y]
00:00:00		VEDA To TIMES I...
00:00:10		Updating SysSettings...
00:00:04		VEDA To TIMES II...




---------------------------------------------------------------------------------
Import Task list and their taken time on 21-Nov-22 2:06:31 AM
---------------------------------------------------------------------------------

Total time taken 00:00:50

Exp. Time	Act. Time	Task (6)
00:00:21	00:00:24	B-Y: REG_PRI
00:00:09	00:00:09	B-Y Transformation...
00:00:02	00:00:02	Transfer Data: [B-Y]
00:00:00	00:00:00	VEDA To TIMES I...
00:00:10	00:00:10	Updating SysSettings...
00:00:04	00:00:05	VEDA To TIMES II...




---------------------------------------------------------------------------------
Import Task list and their taken time on 21-Nov-22 11:42:49 AM
---------------------------------------------------------------------------------

Total time taken 00:00:00

Exp. Time	Act. Time	Task (6)
00:00:24		B-Y: REG_PRI
00:00:09		B-Y Transformation...
00:00:02		Transfer Data: [B-Y]
00:00:00		VEDA To TIMES I...
00:00:10		Updating SysSettings...
00:00:05		VEDA To TIMES II...




---------------------------------------------------------------------------------
Import Task list and their taken time on 21-Nov-22 11:43:36 AM
---------------------------------------------------------------------------------

Total time taken 00:00:42

Exp. Time	Act. Time	Task (6)
00:00:24	00:00:20	B-Y: REG_PRI
00:00:09	00:00:08	B-Y Transformation...
00:00:02	00:00:02	Transfer Data: [B-Y]
00:00:00	00:00:00	VEDA To TIMES I...
00:00:10	00:00:09	Updating SysSettings...
00:00:05	00:00:03	VEDA To TIMES II...




---------------------------------------------------------------------------------
Import Task list and their taken time on 1/2/2024 12:36:44 AM
---------------------------------------------------------------------------------

Total time taken 00:00:00

Exp. Time	Act. Time	Task (6)
00:00:20		B-Y: REG_PRI
00:00:08		B-Y Transformation...
00:00:02		Transfer Data: [B-Y]
00:00:00		VEDA To TIMES I...
00:00:09		Updating SysSettings...
00:00:03		VEDA To TIMES II...




---------------------------------------------------------------------------------
Import Task list and their taken time on 1/2/2024 12:38:38 AM
---------------------------------------------------------------------------------

Total time taken 00:01:40

Exp. Time	Act. Time	Task (6)
00:00:20	00:00:22	B-Y: REG_PRI
00:00:08	00:00:22	B-Y Transformation...
00:00:02	00:00:04	Transfer Data: [B-Y]
00:00:00	00:00:01	VEDA To TIMES I...
00:00:09	00:00:37	Updating SysSettings...
00:00:03	00:00:14	VEDA To TIMES II...




---------------------------------------------------------------------------------
Import Task list and their taken time on 1/2/2024 1:06:49 AM
---------------------------------------------------------------------------------

Total time taken 00:00:00

Exp. Time	Act. Time	Task (6)
00:00:22		B-Y: REG_PRI
00:00:22		B-Y Transformation...
00:00:04		Transfer Data: [B-Y]
00:00:01		VEDA To TIMES I...
00:00:37		Updating SysSettings...
00:00:14		VEDA To TIMES II...




---------------------------------------------------------------------------------
Import Task list and their taken time on 1/2/2024 1:09:17 AM
---------------------------------------------------------------------------------

Total time taken 00:02:07

Exp. Time	Act. Time	Task (6)
00:00:22	00:00:30	B-Y: REG_PRI
00:00:22	00:00:27	B-Y Transformation...
00:00:04	00:00:04	Transfer Data: [B-Y]
00:00:01	00:00:01	VEDA To TIMES I...
00:00:37	00:00:48	Updating SysSettings...
00:00:14	00:00:17	VEDA To TIMES II...




---------------------------------------------------------------------------------
Import Task list and their taken time on 1/2/2024 1:16:30 AM
---------------------------------------------------------------------------------

Total time taken 00:00:00

Exp. Time	Act. Time	Task (6)
00:00:30		B-Y: REG_PRI
00:00:27		B-Y Transformation...
00:00:04		Transfer Data: [B-Y]
00:00:01		VEDA To TIMES I...
00:00:48		Updating SysSettings...
00:00:17		VEDA To TIMES II...




---------------------------------------------------------------------------------
Import Task list and their taken time on 1/2/2024 1:19:37 AM
---------------------------------------------------------------------------------

Total time taken 00:02:41

Exp. Time	Act. Time	Task (6)
00:00:30	00:00:35	B-Y: REG_PRI
00:00:27	00:00:36	B-Y Transformation...
00:00:04	00:00:05	Transfer Data: [B-Y]
00:00:01	00:00:02	VEDA To TIMES I...
00:00:48	00:01:02	Updating SysSettings...
00:00:17	00:00:21	VEDA To TIMES II...




---------------------------------------------------------------------------------
Import Task list and their taken time on 1/22/2024 9:45:45 PM
---------------------------------------------------------------------------------

Total time taken 00:00:00

Exp. Time	Act. Time	Task (6)
00:00:35		B-Y: REG_PRI
00:00:36		B-Y Transformation...
00:00:05		Transfer Data: [B-Y]
00:00:02		VEDA To TIMES I...
00:01:02		Updating SysSettings...
00:00:21		VEDA To TIMES II...




---------------------------------------------------------------------------------
Import Task list and their taken time on 1/22/2024 9:47:46 PM
---------------------------------------------------------------------------------

Total time taken 00:01:44

Exp. Time	Act. Time	Task (6)
00:00:35	00:00:23	B-Y: REG_PRI
00:00:36	00:00:23	B-Y Transformation...
00:00:05	00:00:03	Transfer Data: [B-Y]
00:00:02	00:00:01	VEDA To TIMES I...
00:01:02	00:00:40	Updating SysSettings...
00:00:21	00:00:14	VEDA To TIMES II...




---------------------------------------------------------------------------------
Import Task list and their taken time on 1/22/2024 9:50:01 PM
---------------------------------------------------------------------------------

Total time taken 00:00:00

Exp. Time	Act. Time	Task (6)
00:00:23		B-Y: REG_PRI
00:00:23		B-Y Transformation...
00:00:03		Transfer Data: [B-Y]
00:00:01		VEDA To TIMES I...
00:00:40		Updating SysSettings...
00:00:14		VEDA To TIMES II...




---------------------------------------------------------------------------------
Import Task list and their taken time on 1/22/2024 9:53:07 PM
---------------------------------------------------------------------------------

Total time taken 00:02:27

Exp. Time	Act. Time	Task (6)
00:00:23	00:00:33	B-Y: REG_PRI
00:00:23	00:00:33	B-Y Transformation...
00:00:03	00:00:05	Transfer Data: [B-Y]
00:00:01	00:00:01	VEDA To TIMES I...
00:00:40	00:00:56	Updating SysSettings...
00:00:14	00:00:19	VEDA To TIMES II...




---------------------------------------------------------------------------------
Import Task list and their taken time on 1/22/2024 9:56:00 PM
---------------------------------------------------------------------------------

Total time taken 00:00:00

Exp. Time	Act. Time	Task (6)
UnKnown		B-Y: REG_PWR
00:00:33		B-Y Transformation...
00:00:05		Transfer Data: [B-Y]
00:00:01		VEDA To TIMES I...
00:00:56		Updating SysSettings...
00:00:19		VEDA To TIMES II...




---------------------------------------------------------------------------------
Import Task list and their taken time on 1/22/2024 9:59:50 PM
---------------------------------------------------------------------------------

Total time taken 00:03:18

Exp. Time	Act. Time	Task (6)
UnKnown	00:00:44	B-Y: REG_PWR
00:00:33	00:00:46	B-Y Transformation...
00:00:05	00:00:06	Transfer Data: [B-Y]
00:00:01	00:00:02	VEDA To TIMES I...
00:00:56	00:01:15	Updating SysSettings...
00:00:19	00:00:25	VEDA To TIMES II...




---------------------------------------------------------------------------------
Import Task list and their taken time on 1/22/2024 10:04:16 PM
---------------------------------------------------------------------------------

Total time taken 00:00:00

Exp. Time	Act. Time	Task (6)
00:00:44		B-Y: REG_PWR
00:00:46		B-Y Transformation...
00:00:06		Transfer Data: [B-Y]
00:00:02		VEDA To TIMES I...
00:01:15		Updating SysSettings...
00:00:25		VEDA To TIMES II...




---------------------------------------------------------------------------------
Import Task list and their taken time on 1/22/2024 10:09:00 PM
---------------------------------------------------------------------------------

Total time taken 00:04:08

Exp. Time	Act. Time	Task (6)
00:00:44	00:00:57	B-Y: REG_PWR
00:00:46	00:00:57	B-Y Transformation...
00:00:06	00:00:08	Transfer Data: [B-Y]
00:00:02	00:00:03	VEDA To TIMES I...
00:01:15	00:01:33	Updating SysSettings...
00:00:25	00:00:30	VEDA To TIMES II...




---------------------------------------------------------------------------------
Import Task list and their taken time on 1/22/2024 10:49:06 PM
---------------------------------------------------------------------------------

Total time taken 00:00:00

Exp. Time	Act. Time	Task (6)
00:00:57		B-Y: REG_PWR
00:00:57		B-Y Transformation...
00:00:08		Transfer Data: [B-Y]
00:00:03		VEDA To TIMES I...
00:01:33		Updating SysSettings...
00:00:30		VEDA To TIMES II...




---------------------------------------------------------------------------------
Import Task list and their taken time on 1/22/2024 10:54:53 PM
---------------------------------------------------------------------------------

Total time taken 00:05:01

Exp. Time	Act. Time	Task (6)
00:00:57	00:01:13	B-Y: REG_PWR
00:00:57	00:01:09	B-Y Transformation...
00:00:08	00:00:09	Transfer Data: [B-Y]
00:00:03	00:00:03	VEDA To TIMES I...
00:01:33	00:01:51	Updating SysSettings...
00:00:30	00:00:36	VEDA To TIMES II...




---------------------------------------------------------------------------------
Import Task list and their taken time on 1/22/2024 10:59:59 PM
---------------------------------------------------------------------------------

Total time taken 00:00:00

Exp. Time	Act. Time	Task (6)
00:01:13		B-Y: REG_PWR
00:01:09		B-Y Transformation...
00:00:09		Transfer Data: [B-Y]
00:00:03		VEDA To TIMES I...
00:01:51		Updating SysSettings...
00:00:36		VEDA To TIMES II...




---------------------------------------------------------------------------------
Import Task list and their taken time on 1/22/2024 11:06:28 PM
---------------------------------------------------------------------------------

Total time taken 00:05:39

Exp. Time	Act. Time	Task (6)
00:01:13	00:01:21	B-Y: REG_PWR
00:01:09	00:01:19	B-Y Transformation...
00:00:09	00:00:10	Transfer Data: [B-Y]
00:00:03	00:00:04	VEDA To TIMES I...
00:01:51	00:02:04	Updating SysSettings...
00:00:36	00:00:41	VEDA To TIMES II...




---------------------------------------------------------------------------------
Import Task list and their taken time on 1/22/2024 11:15:36 PM
---------------------------------------------------------------------------------

Total time taken 00:00:00

Exp. Time	Act. Time	Task (6)
00:01:21		B-Y: REG_PWR
00:01:19		B-Y Transformation...
00:00:10		Transfer Data: [B-Y]
00:00:04		VEDA To TIMES I...
00:02:04		Updating SysSettings...
00:00:41		VEDA To TIMES II...




---------------------------------------------------------------------------------
Import Task list and their taken time on 1/22/2024 11:22:40 PM
---------------------------------------------------------------------------------

Total time taken 00:06:09

Exp. Time	Act. Time	Task (6)
00:01:21	00:01:29	B-Y: REG_PWR
00:01:19	00:01:27	B-Y Transformation...
00:00:10	00:00:11	Transfer Data: [B-Y]
00:00:04	00:00:04	VEDA To TIMES I...
00:02:04	00:02:15	Updating SysSettings...
00:00:41	00:00:43	VEDA To TIMES II...




---------------------------------------------------------------------------------
Import Task list and their taken time on 1/23/2024 1:11:33 AM
---------------------------------------------------------------------------------

Total time taken 00:00:00

Exp. Time	Act. Time	Task (6)
00:01:29		B-Y: REG_PWR
00:01:27		B-Y Transformation...
00:00:11		Transfer Data: [B-Y]
00:00:04		VEDA To TIMES I...
00:02:15		Updating SysSettings...
00:00:43		VEDA To TIMES II...




---------------------------------------------------------------------------------
Import Task list and their taken time on 1/23/2024 1:19:26 AM
---------------------------------------------------------------------------------

Total time taken 00:06:52

Exp. Time	Act. Time	Task (6)
00:01:29	00:01:38	B-Y: REG_PWR
00:01:27	00:01:37	B-Y Transformation...
00:00:11	00:00:12	Transfer Data: [B-Y]
00:00:04	00:00:05	VEDA To TIMES I...
00:02:15	00:02:32	Updating SysSettings...
00:00:43	00:00:48	VEDA To TIMES II...




---------------------------------------------------------------------------------
Import Task list and their taken time on 1/23/2024 1:33:45 AM
---------------------------------------------------------------------------------

Total time taken 00:00:00

Exp. Time	Act. Time	Task (6)
00:00:33		B-Y: REG_PRI
00:01:37		B-Y Transformation...
00:00:12		Transfer Data: [B-Y]
00:00:05		VEDA To TIMES I...
00:02:32		Updating SysSettings...
00:00:48		VEDA To TIMES II...




---------------------------------------------------------------------------------
Import Task list and their taken time on 1/23/2024 1:42:20 AM
---------------------------------------------------------------------------------

Total time taken 00:07:29

Exp. Time	Act. Time	Task (6)
00:00:33	00:01:44	B-Y: REG_PRI
00:01:37	00:01:46	B-Y Transformation...
00:00:12	00:00:14	Transfer Data: [B-Y]
00:00:05	00:00:05	VEDA To TIMES I...
00:02:32	00:02:47	Updating SysSettings...
00:00:48	00:00:53	VEDA To TIMES II...




---------------------------------------------------------------------------------
Import Task list and their taken time on 1/23/2024 1:55:43 AM
---------------------------------------------------------------------------------

Total time taken 00:00:00

Exp. Time	Act. Time	Task (6)
00:01:44		B-Y: REG_PRI
00:01:46		B-Y Transformation...
00:00:14		Transfer Data: [B-Y]
00:00:05		VEDA To TIMES I...
00:02:47		Updating SysSettings...
00:00:53		VEDA To TIMES II...




---------------------------------------------------------------------------------
Import Task list and their taken time on 1/23/2024 1:56:50 AM
---------------------------------------------------------------------------------

Total time taken 00:00:55

Exp. Time	Act. Time	Task (6)
00:01:44	00:00:12	B-Y: REG_PRI
00:01:46	00:00:12	B-Y Transformation...
00:00:14	00:00:03	Transfer Data: [B-Y]
00:00:05	00:00:01	VEDA To TIMES I...
00:02:47	00:00:20	Updating SysSettings...
00:00:53	00:00:07	VEDA To TIMES II...




---------------------------------------------------------------------------------
Import Task list and their taken time on 1/23/2024 2:07:52 AM
---------------------------------------------------------------------------------

Total time taken 00:00:00

Exp. Time	Act. Time	Task (6)
00:01:38		B-Y: REG_PWR
00:00:12		B-Y Transformation...
00:00:03		Transfer Data: [B-Y]
00:00:01		VEDA To TIMES I...
00:00:20		Updating SysSettings...
00:00:07		VEDA To TIMES II...




---------------------------------------------------------------------------------
Import Task list and their taken time on 1/23/2024 2:09:24 AM
---------------------------------------------------------------------------------

Total time taken 00:01:18

Exp. Time	Act. Time	Task (6)
00:01:38	00:00:18	B-Y: REG_PWR
00:00:12	00:00:17	B-Y Transformation...
00:00:03	00:00:03	Transfer Data: [B-Y]
00:00:01	00:00:01	VEDA To TIMES I...
00:00:20	00:00:29	Updating SysSettings...
00:00:07	00:00:10	VEDA To TIMES II...




---------------------------------------------------------------------------------
Import Task list and their taken time on 1/23/2024 2:26:49 AM
---------------------------------------------------------------------------------

Total time taken 00:00:00

Exp. Time	Act. Time	Task (8)
00:00:18		B-Y: REG_PWR
00:00:17		B-Y Transformation...
00:00:05		SR: NewTechs
00:00:03		SR Transformation: NewTechs
00:00:03		Transfer Data: [B-Y] + [SR]
00:00:01		VEDA To TIMES I...
00:00:29		Updating SysSettings...
00:00:10		VEDA To TIMES II...




---------------------------------------------------------------------------------
Import Task list and their taken time on 1/23/2024 2:29:35 AM
---------------------------------------------------------------------------------

Total time taken 00:02:24

Exp. Time	Act. Time	Task (8)
00:00:18	00:00:24	B-Y: REG_PWR
00:00:17	00:00:22	B-Y Transformation...
00:00:05	00:00:21	SR: NewTechs
00:00:03	00:00:21	SR Transformation: NewTechs
00:00:03	00:00:04	Transfer Data: [B-Y] + [SR]
00:00:01	00:00:01	VEDA To TIMES I...
00:00:29	00:00:37	Updating SysSettings...
00:00:10	00:00:14	VEDA To TIMES II...




---------------------------------------------------------------------------------
Import Task list and their taken time on 1/23/2024 2:32:51 AM
---------------------------------------------------------------------------------

Total time taken 00:00:00

Exp. Time	Act. Time	Task (8)
00:00:24		B-Y: REG_PWR
00:00:22		B-Y Transformation...
00:00:21		SR: NewTechs
00:00:21		SR Transformation: NewTechs
00:00:04		Transfer Data: [B-Y] + [SR]
00:00:01		VEDA To TIMES I...
00:00:37		Updating SysSettings...
00:00:14		VEDA To TIMES II...




---------------------------------------------------------------------------------
Import Task list and their taken time on 1/23/2024 2:36:44 AM
---------------------------------------------------------------------------------

Total time taken 00:03:25

Exp. Time	Act. Time	Task (8)
00:00:24	00:00:33	B-Y: REG_PWR
00:00:22	00:00:31	B-Y Transformation...
00:00:21	00:00:29	SR: NewTechs
00:00:21	00:00:31	SR Transformation: NewTechs
00:00:04	00:00:05	Transfer Data: [B-Y] + [SR]
00:00:01	00:00:01	VEDA To TIMES I...
00:00:37	00:00:55	Updating SysSettings...
00:00:14	00:00:20	VEDA To TIMES II...




---------------------------------------------------------------------------------
Import Task list and their taken time on 1/23/2024 11:06:20 AM
---------------------------------------------------------------------------------

Total time taken 00:00:00

Exp. Time	Act. Time	Task (17)
00:00:33		B-Y: REG_PWR
UnKnown		B-Y: REG_SUP
00:00:31		B-Y Transformation...
UnKnown		SR: ElectricityStorage
UnKnown		SR Transformation: ElectricityStorage
00:00:29		SR: NewTechs
00:00:31		SR Transformation: NewTechs
UnKnown		SR: PWR_DH
UnKnown		SR Transformation: PWR_DH
00:00:05		Transfer Data: [B-Y] + [SR]
UnKnown		Reg_Scen: B_PWR_SNSP_Limit
UnKnown		Reg_Scen: B_SUP_DomBioPot_Baseline
UnKnown		Reg_Scen: CCS
UnKnown		Reg_Scen: RNW_Potentials
00:00:01		VEDA To TIMES I...
00:00:55		Updating SysSettings...
00:00:20		VEDA To TIMES II...




---------------------------------------------------------------------------------
Import Task list and their taken time on 1/23/2024 11:14:07 AM
---------------------------------------------------------------------------------

Total time taken 00:07:28

Exp. Time	Act. Time	Task (17)
00:00:33	00:00:13	B-Y: REG_PWR
UnKnown	00:00:12	B-Y: REG_SUP
00:00:31	00:00:14	B-Y Transformation...
UnKnown	00:00:11	SR: ElectricityStorage
UnKnown	00:00:04	SR Transformation: ElectricityStorage
00:00:29	00:00:48	SR: NewTechs
00:00:31	00:00:04	SR Transformation: NewTechs
UnKnown	00:00:15	SR: PWR_DH
UnKnown	00:00:04	SR Transformation: PWR_DH
00:00:05	00:00:03	Transfer Data: [B-Y] + [SR]
UnKnown	00:00:09	Reg_Scen: B_PWR_SNSP_Limit
UnKnown	00:03:00	Reg_Scen: B_SUP_DomBioPot_Baseline
UnKnown	00:00:22	Reg_Scen: CCS
UnKnown	00:00:44	Reg_Scen: RNW_Potentials
00:00:01	00:00:01	VEDA To TIMES I...
00:00:55	00:00:39	Updating SysSettings...
00:00:20	00:00:25	VEDA To TIMES II...




---------------------------------------------------------------------------------
Import Task list and their taken time on 1/23/2024 12:10:46 PM
---------------------------------------------------------------------------------

Total time taken 00:00:00

Exp. Time	Act. Time	Task (17)
00:00:13		B-Y: REG_PWR
00:00:12		B-Y: REG_SUP
00:00:14		B-Y Transformation...
00:00:11		SR: ElectricityStorage
00:00:04		SR Transformation: ElectricityStorage
00:00:48		SR: NewTechs
00:00:04		SR Transformation: NewTechs
00:00:15		SR: PWR_DH
00:00:04		SR Transformation: PWR_DH
00:00:03		Transfer Data: [B-Y] + [SR]
00:00:09		Reg_Scen: B_PWR_SNSP_Limit
00:03:00		Reg_Scen: B_SUP_DomBioPot_Baseline
00:00:22		Reg_Scen: CCS
00:00:44		Reg_Scen: RNW_Potentials
00:00:01		VEDA To TIMES I...
00:00:39		Updating SysSettings...
00:00:25		VEDA To TIMES II...




---------------------------------------------------------------------------------
Import Task list and their taken time on 1/23/2024 12:20:13 PM
---------------------------------------------------------------------------------

Total time taken 00:08:46

Exp. Time	Act. Time	Task (17)
00:00:13	00:00:35	B-Y: REG_PWR
00:00:12	00:00:26	B-Y: REG_SUP
00:00:14	00:00:34	B-Y Transformation...
00:00:11	00:00:24	SR: ElectricityStorage
00:00:04	00:00:06	SR Transformation: ElectricityStorage
00:00:48	00:01:29	SR: NewTechs
00:00:04	00:00:05	SR Transformation: NewTechs
00:00:15	00:00:32	SR: PWR_DH
00:00:04	00:00:06	SR Transformation: PWR_DH
00:00:03	00:00:06	Transfer Data: [B-Y] + [SR]
00:00:09	00:00:16	Reg_Scen: B_PWR_SNSP_Limit
00:03:00	00:00:07	Reg_Scen: B_SUP_DomBioPot_Baseline
00:00:22	00:00:39	Reg_Scen: CCS
00:00:44	00:01:24	Reg_Scen: RNW_Potentials
00:00:01	00:00:02	VEDA To TIMES I...
00:00:39	00:01:11	Updating SysSettings...
00:00:25	00:00:44	VEDA To TIMES II...




---------------------------------------------------------------------------------
Import Task list and their taken time on 1/23/2024 12:38:41 PM
---------------------------------------------------------------------------------

Total time taken 00:00:00

Exp. Time	Act. Time	Task (8)
00:00:26		B-Y: REG_SUP
00:00:34		B-Y Transformation...
00:00:32		SR: PWR_DH
00:00:06		SR Transformation: PWR_DH
00:00:06		Transfer Data: [B-Y] + [SR]
00:00:02		VEDA To TIMES I...
00:01:11		Updating SysSettings...
00:00:44		VEDA To TIMES II...




---------------------------------------------------------------------------------
Import Task list and their taken time on 1/23/2024 12:44:09 PM
---------------------------------------------------------------------------------

Total time taken 00:04:35

Exp. Time	Act. Time	Task (8)
00:00:26	00:00:40	B-Y: REG_SUP
00:00:34	00:00:53	B-Y Transformation...
00:00:32	00:00:44	SR: PWR_DH
00:00:06	00:00:07	SR Transformation: PWR_DH
00:00:06	00:00:08	Transfer Data: [B-Y] + [SR]
00:00:02	00:00:03	VEDA To TIMES I...
00:01:11	00:01:29	Updating SysSettings...
00:00:44	00:00:31	VEDA To TIMES II...




---------------------------------------------------------------------------------
Import Task list and their taken time on 1/23/2024 12:49:53 PM
---------------------------------------------------------------------------------

Total time taken 00:00:00

Exp. Time	Act. Time	Task (9)
00:01:29		SR: NewTechs
00:00:05		SR Transformation: NewTechs
00:00:44		SR: PWR_DH
00:00:07		SR Transformation: PWR_DH
00:00:08		Transfer Data: [SR]
00:00:39		Reg_Scen: CCS
00:00:03		VEDA To TIMES I...
00:01:29		Updating SysSettings...
00:00:31		VEDA To TIMES II...




---------------------------------------------------------------------------------
Import Task list and their taken time on 1/23/2024 12:57:20 PM
---------------------------------------------------------------------------------

Total time taken 00:06:54

Exp. Time	Act. Time	Task (9)
00:01:29	00:02:04	SR: NewTechs
00:00:05	00:00:08	SR Transformation: NewTechs
00:00:44	00:00:51	SR: PWR_DH
00:00:07	00:00:08	SR Transformation: PWR_DH
00:00:08	00:00:09	Transfer Data: [SR]
00:00:39	00:00:56	Reg_Scen: CCS
00:00:03	00:00:03	VEDA To TIMES I...
00:01:29	00:01:47	Updating SysSettings...
00:00:31	00:00:48	VEDA To TIMES II...




---------------------------------------------------------------------------------
Import Task list and their taken time on 1/29/2024 1:35:10 AM
---------------------------------------------------------------------------------

Total time taken 00:00:00

Exp. Time	Act. Time	Task (10)
00:00:35		B-Y: REG_PWR
00:00:53		B-Y Transformation...
00:02:04		SR: NewTechs
00:00:08		SR Transformation: NewTechs
00:00:09		Transfer Data: [B-Y] + [SR]
00:00:56		Reg_Scen: CCS
00:01:24		Reg_Scen: RNW_Potentials
00:00:03		VEDA To TIMES I...
00:01:47		Updating SysSettings...
00:00:48		VEDA To TIMES II...




---------------------------------------------------------------------------------
Import Task list and their taken time on 1/29/2024 1:37:57 AM
---------------------------------------------------------------------------------

Total time taken 00:02:30

Exp. Time	Act. Time	Task (10)
00:00:35	00:00:14	B-Y: REG_PWR
00:00:53	00:00:13	B-Y Transformation...
00:02:04	00:00:46	SR: NewTechs
00:00:08	00:00:04	SR Transformation: NewTechs
00:00:09	00:00:02	Transfer Data: [B-Y] + [SR]
00:00:56	00:00:06	Reg_Scen: CCS
00:01:24	00:00:28	Reg_Scen: RNW_Potentials
00:00:03	00:00:00	VEDA To TIMES I...
00:01:47	00:00:24	Updating SysSettings...
00:00:48	00:00:13	VEDA To TIMES II...




---------------------------------------------------------------------------------
Import Task list and their taken time on 1/29/2024 1:41:47 AM
---------------------------------------------------------------------------------

Total time taken 00:00:00

Exp. Time	Act. Time	Task (6)
00:00:46		SR: NewTechs
00:00:04		SR Transformation: NewTechs
00:00:02		Transfer Data: [SR]
00:00:00		VEDA To TIMES I...
00:00:24		Updating SysSettings...
00:00:13		VEDA To TIMES II...




---------------------------------------------------------------------------------
Import Task list and their taken time on 1/29/2024 1:43:39 AM
---------------------------------------------------------------------------------

Total time taken 00:01:42

Exp. Time	Act. Time	Task (6)
00:00:46	00:00:54	SR: NewTechs
00:00:04	00:00:04	SR Transformation: NewTechs
00:00:02	00:00:03	Transfer Data: [SR]
00:00:00	00:00:01	VEDA To TIMES I...
00:00:24	00:00:29	Updating SysSettings...
00:00:13	00:00:11	VEDA To TIMES II...




---------------------------------------------------------------------------------
Import Task list and their taken time on 1/29/2024 2:01:20 AM
---------------------------------------------------------------------------------

Total time taken 00:00:00

Exp. Time	Act. Time	Task (7)
00:00:54		SR: NewTechs
00:00:04		SR Transformation: NewTechs
00:00:03		Transfer Data: [SR]
00:00:28		Reg_Scen: RNW_Potentials
00:00:01		VEDA To TIMES I...
00:00:29		Updating SysSettings...
00:00:11		VEDA To TIMES II...




---------------------------------------------------------------------------------
Import Task list and their taken time on 1/29/2024 2:16:14 AM
---------------------------------------------------------------------------------

Total time taken 00:03:20

Exp. Time	Act. Time	Task (7)
00:00:54	00:01:08	SR: NewTechs
00:00:04	00:00:05	SR Transformation: NewTechs
00:00:03	00:00:04	Transfer Data: [SR]
00:00:28	00:00:58	Reg_Scen: RNW_Potentials
00:00:01	00:00:01	VEDA To TIMES I...
00:00:29	00:00:45	Updating SysSettings...
00:00:11	00:00:19	VEDA To TIMES II...




---------------------------------------------------------------------------------
Import Task list and their taken time on 1/29/2024 2:31:27 AM
---------------------------------------------------------------------------------

Total time taken 00:00:00

Exp. Time	Act. Time	Task (7)
00:01:08		SR: NewTechs
00:00:05		SR Transformation: NewTechs
00:00:04		Transfer Data: [SR]
00:00:58		Reg_Scen: RNW_Potentials
00:00:01		VEDA To TIMES I...
00:00:45		Updating SysSettings...
00:00:19		VEDA To TIMES II...




---------------------------------------------------------------------------------
Import Task list and their taken time on 1/29/2024 2:37:08 AM
---------------------------------------------------------------------------------

Total time taken 00:05:22

Exp. Time	Act. Time	Task (7)
00:01:08	00:01:29	SR: NewTechs
00:00:05	00:00:06	SR Transformation: NewTechs
00:00:04	00:00:06	Transfer Data: [SR]
00:00:58	00:01:59	Reg_Scen: RNW_Potentials
00:00:01	00:00:02	VEDA To TIMES I...
00:00:45	00:01:10	Updating SysSettings...
00:00:19	00:00:30	VEDA To TIMES II...




---------------------------------------------------------------------------------
Import Task list and their taken time on 1/29/2024 2:51:54 AM
---------------------------------------------------------------------------------

Total time taken 00:00:00

Exp. Time	Act. Time	Task (7)
00:01:29		SR: NewTechs
00:00:06		SR Transformation: NewTechs
00:00:06		Transfer Data: [SR]
00:01:59		Reg_Scen: RNW_Potentials
00:00:02		VEDA To TIMES I...
00:01:10		Updating SysSettings...
00:00:30		VEDA To TIMES II...




---------------------------------------------------------------------------------
Import Task list and their taken time on 1/29/2024 2:59:54 AM
---------------------------------------------------------------------------------

Total time taken 00:07:37

Exp. Time	Act. Time	Task (7)
00:01:29	00:01:53	SR: NewTechs
00:00:06	00:00:08	SR Transformation: NewTechs
00:00:06	00:00:08	Transfer Data: [SR]
00:01:59	00:03:11	Reg_Scen: RNW_Potentials
00:00:02	00:00:03	VEDA To TIMES I...
00:01:10	00:01:41	Updating SysSettings...
00:00:30	00:00:33	VEDA To TIMES II...




---------------------------------------------------------------------------------
Import Task list and their taken time on 2/2/2024 4:39:04 PM
---------------------------------------------------------------------------------

Total time taken 00:00:00

Exp. Time	Act. Time	Task (9)
00:00:14		B-Y: REG_PWR
00:00:13		B-Y Transformation...
00:01:53		SR: NewTechs
00:00:08		SR Transformation: NewTechs
00:00:08		Transfer Data: [B-Y] + [SR]
00:03:11		Reg_Scen: RNW_Potentials
00:00:03		VEDA To TIMES I...
00:01:41		Updating SysSettings...
00:00:33		VEDA To TIMES II...




---------------------------------------------------------------------------------
Import Task list and their taken time on 2/2/2024 4:41:39 PM
---------------------------------------------------------------------------------

Total time taken 00:02:21

Exp. Time	Act. Time	Task (9)
00:00:14	00:00:13	B-Y: REG_PWR
00:00:13	00:00:12	B-Y Transformation...
00:01:53	00:00:30	SR: NewTechs
00:00:08	00:00:04	SR Transformation: NewTechs
00:00:08	00:00:02	Transfer Data: [B-Y] + [SR]
00:03:11	00:00:43	Reg_Scen: RNW_Potentials
00:00:03	00:00:01	VEDA To TIMES I...
00:01:41	00:00:26	Updating SysSettings...
00:00:33	00:00:10	VEDA To TIMES II...




---------------------------------------------------------------------------------
Import Task list and their taken time on 2/2/2024 7:24:28 PM
---------------------------------------------------------------------------------

Total time taken 00:00:00

Exp. Time	Act. Time	Task (9)
00:00:13		B-Y: REG_PWR
00:00:12		B-Y Transformation...
00:00:30		SR: NewTechs
00:00:04		SR Transformation: NewTechs
00:00:02		Transfer Data: [B-Y] + [SR]
00:00:43		Reg_Scen: RNW_Potentials
00:00:01		VEDA To TIMES I...
00:00:26		Updating SysSettings...
00:00:10		VEDA To TIMES II...




---------------------------------------------------------------------------------
Import Task list and their taken time on 2/2/2024 7:29:03 PM
---------------------------------------------------------------------------------

Total time taken 00:04:09

Exp. Time	Act. Time	Task (9)
00:00:13	00:00:27	B-Y: REG_PWR
00:00:12	00:00:24	B-Y Transformation...
00:00:30	00:00:42	SR: NewTechs
00:00:04	00:00:05	SR Transformation: NewTechs
00:00:02	00:00:04	Transfer Data: [B-Y] + [SR]
00:00:43	00:01:19	Reg_Scen: RNW_Potentials
00:00:01	00:00:01	VEDA To TIMES I...
00:00:26	00:00:49	Updating SysSettings...
00:00:10	00:00:18	VEDA To TIMES II...




---------------------------------------------------------------------------------
Import Task list and their taken time on 2/2/2024 7:55:57 PM
---------------------------------------------------------------------------------

Total time taken 00:00:00

Exp. Time	Act. Time	Task (4)
00:01:19		Reg_Scen: RNW_Potentials
00:00:01		VEDA To TIMES I...
00:00:49		Updating SysSettings...
00:00:18		VEDA To TIMES II...




---------------------------------------------------------------------------------
Import Task list and their taken time on 2/2/2024 7:59:16 PM
---------------------------------------------------------------------------------

Total time taken 00:03:10

Exp. Time	Act. Time	Task (4)
00:01:19	00:01:46	Reg_Scen: RNW_Potentials
00:00:01	00:00:02	VEDA To TIMES I...
00:00:49	00:01:01	Updating SysSettings...
00:00:18	00:00:21	VEDA To TIMES II...




---------------------------------------------------------------------------------
Import Task list and their taken time on 2/2/2024 8:07:40 PM
---------------------------------------------------------------------------------

Total time taken 00:00:00

Exp. Time	Act. Time	Task (7)
00:00:42		SR: NewTechs
00:00:05		SR Transformation: NewTechs
00:00:04		Transfer Data: [SR]
00:01:46		Reg_Scen: RNW_Potentials
00:00:02		VEDA To TIMES I...
00:01:01		Updating SysSettings...
00:00:21		VEDA To TIMES II...




---------------------------------------------------------------------------------
Import Task list and their taken time on 2/2/2024 8:13:58 PM
---------------------------------------------------------------------------------

Total time taken 00:05:56

Exp. Time	Act. Time	Task (7)
00:00:42	00:01:20	SR: NewTechs
00:00:05	00:00:06	SR Transformation: NewTechs
00:00:04	00:00:07	Transfer Data: [SR]
00:01:46	00:02:28	Reg_Scen: RNW_Potentials
00:00:02	00:00:03	VEDA To TIMES I...
00:01:01	00:01:24	Updating SysSettings...
00:00:21	00:00:28	VEDA To TIMES II...




---------------------------------------------------------------------------------
Import Task list and their taken time on 2/2/2024 8:22:11 PM
---------------------------------------------------------------------------------

Total time taken 00:00:00

Exp. Time	Act. Time	Task (10)
00:00:27		B-Y: REG_PWR
00:00:40		B-Y: REG_SUP
00:00:24		B-Y Transformation...
00:01:20		SR: NewTechs
00:00:06		SR Transformation: NewTechs
00:00:07		Transfer Data: [B-Y] + [SR]
00:02:28		Reg_Scen: RNW_Potentials
00:00:03		VEDA To TIMES I...
00:01:24		Updating SysSettings...
00:00:28		VEDA To TIMES II...




---------------------------------------------------------------------------------
Import Task list and their taken time on 2/2/2024 8:34:45 PM
---------------------------------------------------------------------------------

Total time taken 00:11:34

Exp. Time	Act. Time	Task (10)
00:00:27	00:01:11	B-Y: REG_PWR
00:00:40	00:00:48	B-Y: REG_SUP
00:00:24	00:01:07	B-Y Transformation...
00:01:20	00:01:54	SR: NewTechs
00:00:06	00:00:08	SR Transformation: NewTechs
00:00:07	00:00:09	Transfer Data: [B-Y] + [SR]
00:02:28	00:03:35	Reg_Scen: RNW_Potentials
00:00:03	00:00:04	VEDA To TIMES I...
00:01:24	00:01:59	Updating SysSettings...
00:00:28	00:00:39	VEDA To TIMES II...




---------------------------------------------------------------------------------
Import Task list and their taken time on 2/2/2024 9:11:33 PM
---------------------------------------------------------------------------------

Total time taken 00:00:00

Exp. Time	Act. Time	Task (9)
00:01:11		B-Y: REG_PWR
00:01:07		B-Y Transformation...
00:01:54		SR: NewTechs
00:00:08		SR Transformation: NewTechs
00:00:09		Transfer Data: [B-Y] + [SR]
00:03:35		Reg_Scen: RNW_Potentials
00:00:04		VEDA To TIMES I...
00:01:59		Updating SysSettings...
00:00:39		VEDA To TIMES II...




---------------------------------------------------------------------------------
Import Task list and their taken time on 2/2/2024 9:25:41 PM
---------------------------------------------------------------------------------

Total time taken 00:12:53

Exp. Time	Act. Time	Task (9)
00:01:11	00:01:34	B-Y: REG_PWR
00:01:07	00:01:27	B-Y Transformation...
00:01:54	00:02:07	SR: NewTechs
00:00:08	00:00:10	SR Transformation: NewTechs
00:00:09	00:00:11	Transfer Data: [B-Y] + [SR]
00:03:35	00:04:04	Reg_Scen: RNW_Potentials
00:00:04	00:00:05	VEDA To TIMES I...
00:01:59	00:02:27	Updating SysSettings...
00:00:39	00:00:48	VEDA To TIMES II...




---------------------------------------------------------------------------------
Import Task list and their taken time on 2/2/2024 9:40:48 PM
---------------------------------------------------------------------------------

Total time taken 00:00:00

Exp. Time	Act. Time	Task (7)
00:02:07		SR: NewTechs
00:00:10		SR Transformation: NewTechs
00:00:11		Transfer Data: [SR]
00:04:04		Reg_Scen: RNW_Potentials
00:00:05		VEDA To TIMES I...
00:02:27		Updating SysSettings...
00:00:48		VEDA To TIMES II...




---------------------------------------------------------------------------------
Import Task list and their taken time on 2/2/2024 9:52:58 PM
---------------------------------------------------------------------------------

Total time taken 00:11:27

Exp. Time	Act. Time	Task (7)
00:02:07	00:02:27	SR: NewTechs
00:00:10	00:00:12	SR Transformation: NewTechs
00:00:11	00:00:13	Transfer Data: [SR]
00:04:04	00:04:44	Reg_Scen: RNW_Potentials
00:00:05	00:00:06	VEDA To TIMES I...
00:02:27	00:02:51	Updating SysSettings...
00:00:48	00:00:54	VEDA To TIMES II...




---------------------------------------------------------------------------------
Import Task list and their taken time on 2/2/2024 10:17:48 PM
---------------------------------------------------------------------------------

Total time taken 00:00:00

Exp. Time	Act. Time	Task (7)
00:02:27		SR: NewTechs
00:00:12		SR Transformation: NewTechs
00:00:13		Transfer Data: [SR]
00:04:44		Reg_Scen: RNW_Potentials
00:00:06		VEDA To TIMES I...
00:02:51		Updating SysSettings...
00:00:54		VEDA To TIMES II...




---------------------------------------------------------------------------------
Import Task list and their taken time on 2/2/2024 10:31:14 PM
---------------------------------------------------------------------------------

Total time taken 00:12:39

Exp. Time	Act. Time	Task (7)
00:02:27	00:02:45	SR: NewTechs
00:00:12	00:00:13	SR Transformation: NewTechs
00:00:13	00:00:15	Transfer Data: [SR]
00:04:44	00:05:12	Reg_Scen: RNW_Potentials
00:00:06	00:00:06	VEDA To TIMES I...
00:02:51	00:03:09	Updating SysSettings...
00:00:54	00:00:59	VEDA To TIMES II...




---------------------------------------------------------------------------------
Import Task list and their taken time on 2/3/2024 10:14:30 AM
---------------------------------------------------------------------------------

Total time taken 00:00:00

Exp. Time	Act. Time	Task (6)
00:02:45		SR: NewTechs
00:00:13		SR Transformation: NewTechs
00:00:15		Transfer Data: [SR]
00:00:06		VEDA To TIMES I...
00:03:09		Updating SysSettings...
00:00:59		VEDA To TIMES II...




---------------------------------------------------------------------------------
Import Task list and their taken time on 2/3/2024 10:23:14 AM
---------------------------------------------------------------------------------

Total time taken 00:07:50

Exp. Time	Act. Time	Task (6)
00:02:45	00:02:53	SR: NewTechs
00:00:13	00:00:13	SR Transformation: NewTechs
00:00:15	00:00:16	Transfer Data: [SR]
00:00:06	00:00:06	VEDA To TIMES I...
00:03:09	00:03:19	Updating SysSettings...
00:00:59	00:01:03	VEDA To TIMES II...




---------------------------------------------------------------------------------
Import Task list and their taken time on 2/4/2024 9:25:02 AM
---------------------------------------------------------------------------------

Total time taken 00:00:00

Exp. Time	Act. Time	Task (7)
00:02:53		SR: NewTechs
00:00:13		SR Transformation: NewTechs
00:00:16		Transfer Data: [SR]
00:05:12		Reg_Scen: RNW_Potentials
00:00:06		VEDA To TIMES I...
00:03:19		Updating SysSettings...
00:01:03		VEDA To TIMES II...




---------------------------------------------------------------------------------
Import Task list and their taken time on 2/4/2024 9:27:04 AM
---------------------------------------------------------------------------------

Total time taken 00:01:57

Exp. Time	Act. Time	Task (7)
00:02:53	00:00:44	SR: NewTechs
00:00:13	00:00:04	SR Transformation: NewTechs
00:00:16	00:00:03	Transfer Data: [SR]
00:05:12	00:00:33	Reg_Scen: RNW_Potentials
00:00:06	00:00:01	VEDA To TIMES I...
00:03:19	00:00:23	Updating SysSettings...
00:01:03	00:00:09	VEDA To TIMES II...




---------------------------------------------------------------------------------
Import Task list and their taken time on 2/4/2024 9:40:23 AM
---------------------------------------------------------------------------------

Total time taken 00:00:00

Exp. Time	Act. Time	Task (7)
00:01:34		B-Y: REG_PWR
00:00:48		B-Y: REG_SUP
00:01:27		B-Y Transformation...
00:00:03		Transfer Data: [B-Y]
00:00:01		VEDA To TIMES I...
00:00:23		Updating SysSettings...
00:00:09		VEDA To TIMES II...




---------------------------------------------------------------------------------
Import Task list and their taken time on 2/4/2024 9:42:16 AM
---------------------------------------------------------------------------------

Total time taken 00:01:37

Exp. Time	Act. Time	Task (7)
00:01:34	00:00:20	B-Y: REG_PWR
00:00:48	00:00:15	B-Y: REG_SUP
00:01:27	00:00:18	B-Y Transformation...
00:00:03	00:00:03	Transfer Data: [B-Y]
00:00:01	00:00:01	VEDA To TIMES I...
00:00:23	00:00:29	Updating SysSettings...
00:00:09	00:00:11	VEDA To TIMES II...




---------------------------------------------------------------------------------
Import Task list and their taken time on 2/4/2024 9:56:30 AM
---------------------------------------------------------------------------------

Total time taken 00:00:00

Exp. Time	Act. Time	Task (8)
00:00:20		B-Y: REG_PWR
00:00:18		B-Y Transformation...
00:00:44		SR: NewTechs
00:00:04		SR Transformation: NewTechs
00:00:03		Transfer Data: [B-Y] + [SR]
00:00:01		VEDA To TIMES I...
00:00:29		Updating SysSettings...
00:00:11		VEDA To TIMES II...




---------------------------------------------------------------------------------
Import Task list and their taken time on 2/4/2024 9:59:43 AM
---------------------------------------------------------------------------------

Total time taken 00:02:49

Exp. Time	Act. Time	Task (8)
00:00:20	00:00:27	B-Y: REG_PWR
00:00:18	00:00:24	B-Y Transformation...
00:00:44	00:00:51	SR: NewTechs
00:00:04	00:00:04	SR Transformation: NewTechs
00:00:03	00:00:04	Transfer Data: [B-Y] + [SR]
00:00:01	00:00:01	VEDA To TIMES I...
00:00:29	00:00:43	Updating SysSettings...
00:00:11	00:00:15	VEDA To TIMES II...




